<?xml version="1.0" encoding="UTF-8"?>
<testsuite name="runners.SmokeTestRunners" time="104.206" tests="16" errors="0" skipped="0" failures="0">
  <properties>
    <property name="java.runtime.name" value="Java(TM) SE Runtime Environment"/>
    <property name="java.vm.version" value="15.0.2+7-27"/>
    <property name="sun.boot.library.path" value="C:\Program Files\Java\jdk-15.0.2\bin"/>
    <property name="maven.multiModuleProjectDirectory" value="C:\Users\Beka\IdeaProjects\TradeJournal"/>
    <property name="java.vm.vendor" value="Oracle Corporation"/>
    <property name="java.vendor.url" value="https://java.oracle.com/"/>
    <property name="guice.disable.misplaced.annotation.check" value="true"/>
    <property name="path.separator" value=";"/>
    <property name="java.vm.name" value="Java HotSpot(TM) 64-Bit Server VM"/>
    <property name="sun.os.patch.level" value=""/>
    <property name="user.script" value=""/>
    <property name="user.country" value="US"/>
    <property name="sun.java.launcher" value="SUN_STANDARD"/>
    <property name="java.vm.specification.name" value="Java Virtual Machine Specification"/>
    <property name="user.dir" value="C:\Users\Beka\IdeaProjects\TradeJournal"/>
    <property name="java.vm.compressedOopsMode" value="32-bit"/>
    <property name="java.runtime.version" value="15.0.2+7-27"/>
    <property name="os.arch" value="amd64"/>
    <property name="java.io.tmpdir" value="C:\Users\Beka\AppData\Local\Temp\"/>
    <property name="line.separator" value="&#10;"/>
    <property name="java.vm.specification.vendor" value="Oracle Corporation"/>
    <property name="user.variant" value=""/>
    <property name="os.name" value="Windows 10"/>
    <property name="classworlds.conf" value="C:\Program Files\apache-maven-3.8.1\bin\..\bin\m2.conf"/>
    <property name="sun.jnu.encoding" value="Cp1252"/>
    <property name="java.library.path" value="C:\Program Files\Java\jdk-15.0.2\bin;C:\WINDOWS\Sun\Java\bin;C:\WINDOWS\system32;C:\WINDOWS;C:\Program Files\Common Files\Oracle\Java\javapath;C:\Program Files (x86)\Intel\Intel(R) Management Engine Components\iCLS\;C:\Program Files\Intel\Intel(R) Management Engine Components\iCLS\;C:\WINDOWS\system32;C:\WINDOWS;C:\WINDOWS\System32\Wbem;C:\WINDOWS\System32\WindowsPowerShell\v1.0\;C:\WINDOWS\System32\OpenSSH\;C:\Program Files (x86)\Intel\Intel(R) Management Engine Components\DAL;C:\Program Files\Intel\Intel(R) Management Engine Components\DAL;C:\Program Files (x86)\Intel\Intel(R) Management Engine Components\IPT;C:\Program Files\Intel\Intel(R) Management Engine Components\IPT;C:\Program Files\Java\jdk-15.0.2\bin;C:\Program Files\Git\cmd;C:\Program Files\apache-maven-3.8.1\bin;C:\Users\Beka\AppData\Local\Microsoft\WindowsApps;;."/>
    <property name="maven.conf" value="C:\Program Files\apache-maven-3.8.1\bin\../conf"/>
    <property name="jdk.debug" value="release"/>
    <property name="java.class.version" value="59.0"/>
    <property name="java.specification.name" value="Java Platform API Specification"/>
    <property name="sun.management.compiler" value="HotSpot 64-Bit Tiered Compilers"/>
    <property name="os.version" value="10.0"/>
    <property name="library.jansi.path" value="C:\Program Files\apache-maven-3.8.1\bin\..\lib\jansi-native"/>
    <property name="user.home" value="C:\Users\Beka"/>
    <property name="user.timezone" value="America/New_York"/>
    <property name="file.encoding" value="Cp1252"/>
    <property name="java.specification.version" value="15"/>
    <property name="user.name" value="Beka"/>
    <property name="java.class.path" value="C:\Program Files\apache-maven-3.8.1\bin\..\boot\plexus-classworlds-2.6.0.jar"/>
    <property name="java.vm.specification.version" value="15"/>
    <property name="sun.arch.data.model" value="64"/>
    <property name="sun.java.command" value="org.codehaus.plexus.classworlds.launcher.Launcher verify"/>
    <property name="java.home" value="C:\Program Files\Java\jdk-15.0.2"/>
    <property name="user.language" value="en"/>
    <property name="java.specification.vendor" value="Oracle Corporation"/>
    <property name="java.vm.info" value="mixed mode, sharing"/>
    <property name="java.version" value="15.0.2"/>
    <property name="java.vendor" value="Oracle Corporation"/>
    <property name="sun.stderr.encoding" value="cp437"/>
    <property name="maven.home" value="C:\Program Files\apache-maven-3.8.1\bin\.."/>
    <property name="file.separator" value="\"/>
    <property name="java.version.date" value="2021-01-19"/>
    <property name="java.vendor.url.bug" value="https://bugreport.java.com/bugreport/"/>
    <property name="sun.io.unicode.encoding" value="UnicodeLittle"/>
    <property name="sun.cpu.endian" value="little"/>
    <property name="sun.stdout.encoding" value="cp437"/>
    <property name="sun.cpu.isalist" value="amd64"/>
  </properties>
  <testcase name="System should authorize user with VALID credentials #1" classname="Login functionality" time="10.712"/>
  <testcase name="System should authorize user with VALID credentials #2" classname="Login functionality" time="4.755"/>
  <testcase name="System should authorize user with VALID credentials #3" classname="Login functionality" time="5.384"/>
  <testcase name="System shouldn&apos;t authorize user with INVALID credentials #1" classname="Login functionality" time="5.425"/>
  <testcase name="System shouldn&apos;t authorize user with INVALID credentials #2" classname="Login functionality" time="4.436"/>
  <testcase name="System shouldn&apos;t authorize user with INVALID credentials #3" classname="Login functionality" time="4.689"/>
  <testcase name="System shouldn&apos;t authorize user with INVALID credentials #4" classname="Login functionality" time="4.97"/>
  <testcase name="System shouldn&apos;t authorize user with INVALID credentials #5" classname="Login functionality" time="5.34"/>
  <testcase name="System should not authorize user if one or both entry fields is empty #1" classname="Login functionality" time="7.061"/>
  <testcase name="System should not authorize user if one or both entry fields is empty #2" classname="Login functionality" time="6.843"/>
  <testcase name="System should not authorize user if one or both entry fields is empty #3" classname="Login functionality" time="6.303"/>
  <testcase name="All components decribed in User Story should be present on page" classname="Login functionality" time="4.725"/>
  <testcase name="RC-30 Verify user see result after searching with valid credential" classname="RC-6 Search Functionality" time="6.423"/>
  <testcase name="RC-34 Verify user see empty page after searching with invalid credential (empty inputs)" classname="RC-6 Search Functionality" time="5.592"/>
  <testcase name="RC-35 Verification that search functionality elements located according requirements" classname="RC-6 Search Functionality" time="5.409"/>
  <testcase name="RC-33 Verify if user sees empty page after searching with credentials that does not exist in table" classname="RC-6 Search Functionality" time="16.139"/>
</testsuite>